<?xml version="1.0" encoding="UTF-8"?>
<testsuite name="SquadTest" tests="9" skipped="0" failures="0" errors="0" timestamp="2017-08-17T11:28:36" hostname="albert-HP-ProBook-450-G1" time="0.009">
  <properties/>
  <testcase name="getCause_squadInstanciatesWithCause_fightInjustice" classname="SquadTest" time="0.001"/>
  <testcase name="addHero_addsHeroToASquad_true" classname="SquadTest" time="0.0"/>
  <testcase name="squad_instanciatesCorrectly_true" classname="SquadTest" time="0.0"/>
  <testcase name="getName_squadInstanciatesWithName_TheLeague" classname="SquadTest" time="0.0"/>
  <testcase name="getSize_returnsMaximumSizeOfSquad_6" classname="SquadTest" time="0.0"/>
  <testcase name="all_returnsAllInstancesOfSquad_true" classname="SquadTest" time="0.0"/>
  <testcase name="find_locatesSpecificIdOfSquad_secondSquad" classname="SquadTest" time="0.001"/>
  <testcase name="getId_squadInstanciatesWithId_1" classname="SquadTest" time="0.001"/>
  <testcase name="getHero_returnsEmptyList_ArrayList" classname="SquadTest" time="0.0"/>
  <system-out><![CDATA[]]></system-out>
  <system-err><![CDATA[]]></system-err>
</testsuite>
